-- Found ament_cmake: 1.3.11 (/opt/ros/humble/share/ament_cmake/cmake)
-- Found rclcpp: 16.0.11 (/opt/ros/humble/share/rclcpp/cmake)
-- Found rosidl_generator_c: 3.1.6 (/opt/ros/humble/share/rosidl_generator_c/cmake)
-- Found rosidl_adapter: 3.1.6 (/opt/ros/humble/share/rosidl_adapter/cmake)
-- Found rosidl_generator_cpp: 3.1.6 (/opt/ros/humble/share/rosidl_generator_cpp/cmake)
-- Using all available rosidl_typesupport_c: rosidl_typesupport_fastrtps_c;rosidl_typesupport_introspection_c
-- Using all available rosidl_typesupport_cpp: rosidl_typesupport_fastrtps_cpp;rosidl_typesupport_introspection_cpp
-- Found rmw_implementation_cmake: 6.1.2 (/opt/ros/humble/share/rmw_implementation_cmake/cmake)
-- Found rmw_fastrtps_cpp: 6.2.7 (/opt/ros/humble/share/rmw_fastrtps_cpp/cmake)
-- Using RMW implementation 'rmw_fastrtps_cpp' as default
-- Found geometry_msgs: 4.2.4 (/opt/ros/humble/share/geometry_msgs/cmake)
-- Found nav_msgs: 4.2.4 (/opt/ros/humble/share/nav_msgs/cmake)
-- Found sensor_msgs: 4.2.4 (/opt/ros/humble/share/sensor_msgs/cmake)
-- Found tf2: 0.25.11 (/opt/ros/humble/share/tf2/cmake)
-- Found tf2_ros: 0.25.11 (/opt/ros/humble/share/tf2_ros/cmake)
-- Found ament_lint_auto: 0.12.11 (/opt/ros/humble/share/ament_lint_auto/cmake)
-- Added test 'cppcheck' to perform static code analysis on C / C++ code
-- Configured cppcheck include dirs: /home/hab75/Ros2-Humble-interface-for-Unitree-Go1/ros2_ws/src/udp_bridge_ros2_cpp/include;/home/hab75/Ros2-Humble-interface-for-Unitree-Go1/ros2_ws/src/udp_bridge_ros2_cpp/sdk/unitree_legged_sdk/include;/home/hab75/Ros2-Humble-interface-for-Unitree-Go1/ros2_ws/src/udp_bridge_ros2_cpp/sdk/faceLightSDK_Nano/include;/home/hab75/Ros2-Humble-interface-for-Unitree-Go1/ros2_ws/src/udp_bridge_ros2_cpp/sdk/UnitreecameraSDK/include;$<BUILD_INTERFACE:/home/hab75/Ros2-Humble-interface-for-Unitree-Go1/ros2_ws/src/udp_bridge_ros2_cpp/include>
-- Configured cppcheck exclude dirs and/or files: 
-- Added test 'flake8' to check Python code syntax and style conventions
-- Added test 'lint_cmake' to check CMake code style
-- Added test 'pep257' to check Python code against some of the docstring style conventions in PEP 257
-- Added test 'uncrustify' to check C / C++ code style
-- Configured uncrustify additional arguments: 
-- Added test 'xmllint' to check XML markup files
-- Configuring done
-- Generating done
-- Build files have been written to: /home/hab75/Ros2-Humble-interface-for-Unitree-Go1/ros2_ws/build/udp_bridge_ros2_cpp
[35m[1mConsolidate compiler generated dependencies of target udp_bridge[0m
[35m[1mConsolidate compiler generated dependencies of target exampleSubscriber[0m
[35m[1mConsolidate compiler generated dependencies of target examplePublisher[0m
[ 50%] [32m[1mLinking CXX executable exampleSubscriber[0m
[ 50%] [32m[1mLinking CXX executable examplePublisher[0m
[ 50%] [32m[1mLinking CXX executable udp_bridge[0m
[ 66%] Built target udp_bridge
[ 83%] Built target examplePublisher
[100%] Built target exampleSubscriber
-- Install configuration: ""
-- Up-to-date: /home/hab75/Ros2-Humble-interface-for-Unitree-Go1/ros2_ws/install/udp_bridge_ros2_cpp/include/include
-- Up-to-date: /home/hab75/Ros2-Humble-interface-for-Unitree-Go1/ros2_ws/install/udp_bridge_ros2_cpp/include/include/udp_bridge_ros2_cpp
-- Up-to-date: /home/hab75/Ros2-Humble-interface-for-Unitree-Go1/ros2_ws/install/udp_bridge_ros2_cpp/include/include
-- Up-to-date: /home/hab75/Ros2-Humble-interface-for-Unitree-Go1/ros2_ws/install/udp_bridge_ros2_cpp/include/include/unitree_legged_sdk
-- Up-to-date: /home/hab75/Ros2-Humble-interface-for-Unitree-Go1/ros2_ws/install/udp_bridge_ros2_cpp/include/include/unitree_legged_sdk/loop.h
-- Up-to-date: /home/hab75/Ros2-Humble-interface-for-Unitree-Go1/ros2_ws/install/udp_bridge_ros2_cpp/include/include/unitree_legged_sdk/go1_const.h
-- Up-to-date: /home/hab75/Ros2-Humble-interface-for-Unitree-Go1/ros2_ws/install/udp_bridge_ros2_cpp/include/include/unitree_legged_sdk/quadruped.h
-- Up-to-date: /home/hab75/Ros2-Humble-interface-for-Unitree-Go1/ros2_ws/install/udp_bridge_ros2_cpp/include/include/unitree_legged_sdk/aliengo_const.h
-- Up-to-date: /home/hab75/Ros2-Humble-interface-for-Unitree-Go1/ros2_ws/install/udp_bridge_ros2_cpp/include/include/unitree_legged_sdk/a1_const.h
-- Up-to-date: /home/hab75/Ros2-Humble-interface-for-Unitree-Go1/ros2_ws/install/udp_bridge_ros2_cpp/include/include/unitree_legged_sdk/safety.h
-- Up-to-date: /home/hab75/Ros2-Humble-interface-for-Unitree-Go1/ros2_ws/install/udp_bridge_ros2_cpp/include/include/unitree_legged_sdk/udp.h
-- Up-to-date: /home/hab75/Ros2-Humble-interface-for-Unitree-Go1/ros2_ws/install/udp_bridge_ros2_cpp/include/include/unitree_legged_sdk/joystick.h
-- Up-to-date: /home/hab75/Ros2-Humble-interface-for-Unitree-Go1/ros2_ws/install/udp_bridge_ros2_cpp/include/include/unitree_legged_sdk/unitree_legged_sdk.h
-- Up-to-date: /home/hab75/Ros2-Humble-interface-for-Unitree-Go1/ros2_ws/install/udp_bridge_ros2_cpp/include/include/unitree_legged_sdk/b1_const.h
-- Up-to-date: /home/hab75/Ros2-Humble-interface-for-Unitree-Go1/ros2_ws/install/udp_bridge_ros2_cpp/include/include/unitree_legged_sdk/comm.h
-- Up-to-date: /home/hab75/Ros2-Humble-interface-for-Unitree-Go1/ros2_ws/install/udp_bridge_ros2_cpp/include/include
-- Up-to-date: /home/hab75/Ros2-Humble-interface-for-Unitree-Go1/ros2_ws/install/udp_bridge_ros2_cpp/include/include/FaceLightClient.h
-- Up-to-date: /home/hab75/Ros2-Humble-interface-for-Unitree-Go1/ros2_ws/install/udp_bridge_ros2_cpp/include/include/LEDPixel.h
-- Up-to-date: /home/hab75/Ros2-Humble-interface-for-Unitree-Go1/ros2_ws/install/udp_bridge_ros2_cpp/include/include
-- Up-to-date: /home/hab75/Ros2-Humble-interface-for-Unitree-Go1/ros2_ws/install/udp_bridge_ros2_cpp/include/include/SystemLog.hpp
-- Up-to-date: /home/hab75/Ros2-Humble-interface-for-Unitree-Go1/ros2_ws/install/udp_bridge_ros2_cpp/include/include/StereoCameraCommon.hpp
-- Up-to-date: /home/hab75/Ros2-Humble-interface-for-Unitree-Go1/ros2_ws/install/udp_bridge_ros2_cpp/include/include/UnitreeCameraSDK.hpp
-- Installing: /home/hab75/Ros2-Humble-interface-for-Unitree-Go1/ros2_ws/install/udp_bridge_ros2_cpp/lib/udp_bridge_ros2_cpp/udp_bridge
-- Set runtime path of "/home/hab75/Ros2-Humble-interface-for-Unitree-Go1/ros2_ws/install/udp_bridge_ros2_cpp/lib/udp_bridge_ros2_cpp/udp_bridge" to ""
-- Installing: /home/hab75/Ros2-Humble-interface-for-Unitree-Go1/ros2_ws/install/udp_bridge_ros2_cpp/lib/udp_bridge_ros2_cpp/examplePublisher
-- Set runtime path of "/home/hab75/Ros2-Humble-interface-for-Unitree-Go1/ros2_ws/install/udp_bridge_ros2_cpp/lib/udp_bridge_ros2_cpp/examplePublisher" to ""
-- Installing: /home/hab75/Ros2-Humble-interface-for-Unitree-Go1/ros2_ws/install/udp_bridge_ros2_cpp/lib/udp_bridge_ros2_cpp/exampleSubscriber
-- Set runtime path of "/home/hab75/Ros2-Humble-interface-for-Unitree-Go1/ros2_ws/install/udp_bridge_ros2_cpp/lib/udp_bridge_ros2_cpp/exampleSubscriber" to ""
-- Up-to-date: /home/hab75/Ros2-Humble-interface-for-Unitree-Go1/ros2_ws/install/udp_bridge_ros2_cpp/share/ament_index/resource_index/package_run_dependencies/udp_bridge_ros2_cpp
-- Installing: /home/hab75/Ros2-Humble-interface-for-Unitree-Go1/ros2_ws/install/udp_bridge_ros2_cpp/share/ament_index/resource_index/parent_prefix_path/udp_bridge_ros2_cpp
-- Up-to-date: /home/hab75/Ros2-Humble-interface-for-Unitree-Go1/ros2_ws/install/udp_bridge_ros2_cpp/share/udp_bridge_ros2_cpp/environment/ament_prefix_path.sh
-- Installing: /home/hab75/Ros2-Humble-interface-for-Unitree-Go1/ros2_ws/install/udp_bridge_ros2_cpp/share/udp_bridge_ros2_cpp/environment/ament_prefix_path.dsv
-- Up-to-date: /home/hab75/Ros2-Humble-interface-for-Unitree-Go1/ros2_ws/install/udp_bridge_ros2_cpp/share/udp_bridge_ros2_cpp/environment/path.sh
-- Installing: /home/hab75/Ros2-Humble-interface-for-Unitree-Go1/ros2_ws/install/udp_bridge_ros2_cpp/share/udp_bridge_ros2_cpp/environment/path.dsv
-- Up-to-date: /home/hab75/Ros2-Humble-interface-for-Unitree-Go1/ros2_ws/install/udp_bridge_ros2_cpp/share/udp_bridge_ros2_cpp/local_setup.bash
-- Up-to-date: /home/hab75/Ros2-Humble-interface-for-Unitree-Go1/ros2_ws/install/udp_bridge_ros2_cpp/share/udp_bridge_ros2_cpp/local_setup.sh
-- Up-to-date: /home/hab75/Ros2-Humble-interface-for-Unitree-Go1/ros2_ws/install/udp_bridge_ros2_cpp/share/udp_bridge_ros2_cpp/local_setup.zsh
-- Installing: /home/hab75/Ros2-Humble-interface-for-Unitree-Go1/ros2_ws/install/udp_bridge_ros2_cpp/share/udp_bridge_ros2_cpp/local_setup.dsv
-- Installing: /home/hab75/Ros2-Humble-interface-for-Unitree-Go1/ros2_ws/install/udp_bridge_ros2_cpp/share/udp_bridge_ros2_cpp/package.dsv
-- Up-to-date: /home/hab75/Ros2-Humble-interface-for-Unitree-Go1/ros2_ws/install/udp_bridge_ros2_cpp/share/ament_index/resource_index/packages/udp_bridge_ros2_cpp
-- Up-to-date: /home/hab75/Ros2-Humble-interface-for-Unitree-Go1/ros2_ws/install/udp_bridge_ros2_cpp/share/udp_bridge_ros2_cpp/cmake/udp_bridge_ros2_cppConfig.cmake
-- Up-to-date: /home/hab75/Ros2-Humble-interface-for-Unitree-Go1/ros2_ws/install/udp_bridge_ros2_cpp/share/udp_bridge_ros2_cpp/cmake/udp_bridge_ros2_cppConfig-version.cmake
-- Up-to-date: /home/hab75/Ros2-Humble-interface-for-Unitree-Go1/ros2_ws/install/udp_bridge_ros2_cpp/share/udp_bridge_ros2_cpp/package.xml
