Performing C SOURCE FILE Test CMAKE_HAVE_LIBC_PTHREAD failed with the following output:
Change Dir: /home/pi/ros_catkin_ws/build_isolated/genlisp/CMakeFiles/CMakeTmp

Run Build Command(s):/usr/bin/make cmTC_ccce3/fast && make[1]: Entering directory '/home/pi/ros_catkin_ws/build_isolated/genlisp/CMakeFiles/CMakeTmp'
/usr/bin/make -f CMakeFiles/cmTC_ccce3.dir/build.make CMakeFiles/cmTC_ccce3.dir/build
make[2]: Entering directory '/home/pi/ros_catkin_ws/build_isolated/genlisp/CMakeFiles/CMakeTmp'
Building C object CMakeFiles/cmTC_ccce3.dir/src.c.o
/usr/bin/cc   -DCMAKE_HAVE_LIBC_PTHREAD   -o CMakeFiles/cmTC_ccce3.dir/src.c.o   -c /home/pi/ros_catkin_ws/build_isolated/genlisp/CMakeFiles/CMakeTmp/src.c
Linking C executable cmTC_ccce3
/usr/bin/cmake -E cmake_link_script CMakeFiles/cmTC_ccce3.dir/link.txt --verbose=1
/usr/bin/cc  -DCMAKE_HAVE_LIBC_PTHREAD    -rdynamic CMakeFiles/cmTC_ccce3.dir/src.c.o  -o cmTC_ccce3 
/usr/bin/ld: CMakeFiles/cmTC_ccce3.dir/src.c.o: in function `main':
src.c:(.text+0x34): undefined reference to `pthread_create'
/usr/bin/ld: src.c:(.text+0x3c): undefined reference to `pthread_detach'
/usr/bin/ld: src.c:(.text+0x48): undefined reference to `pthread_join'
collect2: error: ld returned 1 exit status
make[2]: *** [CMakeFiles/cmTC_ccce3.dir/build.make:87: cmTC_ccce3] Error 1
make[2]: Leaving directory '/home/pi/ros_catkin_ws/build_isolated/genlisp/CMakeFiles/CMakeTmp'
make[1]: *** [Makefile:121: cmTC_ccce3/fast] Error 2
make[1]: Leaving directory '/home/pi/ros_catkin_ws/build_isolated/genlisp/CMakeFiles/CMakeTmp'


Source file was:
#include <pthread.h>

void* test_func(void* data)
{
  return data;
}

int main(void)
{
  pthread_t thread;
  pthread_create(&thread, NULL, test_func, NULL);
  pthread_detach(thread);
  pthread_join(thread, NULL);
  pthread_atfork(NULL, NULL, NULL);
  pthread_exit(NULL);

  return 0;
}

Determining if the function pthread_create exists in the pthreads failed with the following output:
Change Dir: /home/pi/ros_catkin_ws/build_isolated/genlisp/CMakeFiles/CMakeTmp

Run Build Command(s):/usr/bin/make cmTC_352cf/fast && make[1]: Entering directory '/home/pi/ros_catkin_ws/build_isolated/genlisp/CMakeFiles/CMakeTmp'
/usr/bin/make -f CMakeFiles/cmTC_352cf.dir/build.make CMakeFiles/cmTC_352cf.dir/build
make[2]: Entering directory '/home/pi/ros_catkin_ws/build_isolated/genlisp/CMakeFiles/CMakeTmp'
Building C object CMakeFiles/cmTC_352cf.dir/CheckFunctionExists.c.o
/usr/bin/cc   -DCHECK_FUNCTION_EXISTS=pthread_create   -o CMakeFiles/cmTC_352cf.dir/CheckFunctionExists.c.o   -c /usr/share/cmake-3.16/Modules/CheckFunctionExists.c
Linking C executable cmTC_352cf
/usr/bin/cmake -E cmake_link_script CMakeFiles/cmTC_352cf.dir/link.txt --verbose=1
/usr/bin/cc  -DCHECK_FUNCTION_EXISTS=pthread_create    -rdynamic CMakeFiles/cmTC_352cf.dir/CheckFunctionExists.c.o  -o cmTC_352cf  -lpthreads 
/usr/bin/ld: cannot find -lpthreads
collect2: error: ld returned 1 exit status
make[2]: *** [CMakeFiles/cmTC_352cf.dir/build.make:87: cmTC_352cf] Error 1
make[2]: Leaving directory '/home/pi/ros_catkin_ws/build_isolated/genlisp/CMakeFiles/CMakeTmp'
make[1]: *** [Makefile:121: cmTC_352cf/fast] Error 2
make[1]: Leaving directory '/home/pi/ros_catkin_ws/build_isolated/genlisp/CMakeFiles/CMakeTmp'



