[0m-- CMAKE_SYSTEM_PROCESSOR: [0m
-- Found ament_cmake: 1.3.11 (/opt/ros/humble/share/ament_cmake/cmake)
-- Found rclcpp: 16.0.11 (/opt/ros/humble/share/rclcpp/cmake)
-- Found rosidl_generator_c: 3.1.6 (/opt/ros/humble/share/rosidl_generator_c/cmake)
-- Found rosidl_adapter: 3.1.6 (/opt/ros/humble/share/rosidl_adapter/cmake)
-- Found rosidl_generator_cpp: 3.1.6 (/opt/ros/humble/share/rosidl_generator_cpp/cmake)
-- Using all available rosidl_typesupport_c: rosidl_typesupport_fastrtps_c;rosidl_typesupport_introspection_c
-- Using all available rosidl_typesupport_cpp: rosidl_typesupport_fastrtps_cpp;rosidl_typesupport_introspection_cpp
-- Found rmw_implementation_cmake: 6.1.2 (/opt/ros/humble/share/rmw_implementation_cmake/cmake)
-- Found rmw_fastrtps_cpp: 6.2.7 (/opt/ros/humble/share/rmw_fastrtps_cpp/cmake)
-- Using RMW implementation 'rmw_fastrtps_cpp' as default
-- Found geometry_msgs: 4.2.4 (/opt/ros/humble/share/geometry_msgs/cmake)
-- Found nav_msgs: 4.2.4 (/opt/ros/humble/share/nav_msgs/cmake)
-- Found sensor_msgs: 4.2.4 (/opt/ros/humble/share/sensor_msgs/cmake)
-- Found tf2: 0.25.11 (/opt/ros/humble/share/tf2/cmake)
-- Found tf2_ros: 0.25.11 (/opt/ros/humble/share/tf2_ros/cmake)
-- Found ament_lint_auto: 0.12.11 (/opt/ros/humble/share/ament_lint_auto/cmake)
-- Added test 'cppcheck' to perform static code analysis on C / C++ code
-- Configured cppcheck include dirs: /home/hab75/Ros2-Humble-interface-for-Unitree-Go1/ros2_ws/src/udp_bridge_ros2_cpp/include;/home/hab75/Ros2-Humble-interface-for-Unitree-Go1/ros2_ws/src/udp_bridge_ros2_cpp/sdk/unitree_legged_sdk/include;/home/hab75/Ros2-Humble-interface-for-Unitree-Go1/ros2_ws/src/udp_bridge_ros2_cpp/sdk/faceLightSDK_Nano/include;/home/hab75/Ros2-Humble-interface-for-Unitree-Go1/ros2_ws/src/udp_bridge_ros2_cpp/sdk/UnitreecameraSDK/include;$<BUILD_INTERFACE:/home/hab75/Ros2-Humble-interface-for-Unitree-Go1/ros2_ws/src/udp_bridge_ros2_cpp/include>
-- Configured cppcheck exclude dirs and/or files: 
-- Added test 'flake8' to check Python code syntax and style conventions
-- Added test 'lint_cmake' to check CMake code style
-- Added test 'pep257' to check Python code against some of the docstring style conventions in PEP 257
-- Added test 'uncrustify' to check C / C++ code style
-- Configured uncrustify additional arguments: 
-- Added test 'xmllint' to check XML markup files
-- Configuring done
-- Generating done
-- Build files have been written to: /home/hab75/Ros2-Humble-interface-for-Unitree-Go1/ros2_ws/build/udp_bridge_ros2_cpp
[35m[1mConsolidate compiler generated dependencies of target udp_bridge[0m
[35m[1mConsolidate compiler generated dependencies of target examplePublisher[0m
[35m[1mConsolidate compiler generated dependencies of target exampleSubscriber[0m
gmake[2]: *** No rule to make target '/home/hab75/Ros2-Humble-interface-for-Unitree-Go1/ros2_ws/src/udp_bridge_ros2_cpp/sdk/unitree_legged_sdk/lib/cpp//libunitree_legged_sdk.a', needed by 'udp_bridge'. Stop.
gmake[1]: *** [CMakeFiles/Makefile2:141: CMakeFiles/udp_bridge.dir/all] Error 2
gmake[1]: *** Waiting for unfinished jobs....
[ 33%] [32m[1mLinking CXX executable exampleSubscriber[0m
[ 33%] [32m[1mLinking CXX executable examplePublisher[0m
[ 50%] Built target examplePublisher
[ 66%] Built target exampleSubscriber
gmake: *** [Makefile:146: all] Error 2
