[0.010s] Invoking command in '/home/hab75/Ros2-Humble-interface-for-Unitree-Go1/ros2_ws/build/udp_bridge_ros2_cpp': CMAKE_PREFIX_PATH=${CMAKE_PREFIX_PATH}:/opt/ros/humble /usr/bin/cmake --build /home/hab75/Ros2-Humble-interface-for-Unitree-Go1/ros2_ws/build/udp_bridge_ros2_cpp -- -j12 -l12
[0.028s] [0m-- CMAKE_SYSTEM_PROCESSOR: [0m
[0.031s] -- Found ament_cmake: 1.3.11 (/opt/ros/humble/share/ament_cmake/cmake)
[0.135s] -- Found rclcpp: 16.0.11 (/opt/ros/humble/share/rclcpp/cmake)
[0.162s] -- Found rosidl_generator_c: 3.1.6 (/opt/ros/humble/share/rosidl_generator_c/cmake)
[0.164s] -- Found rosidl_adapter: 3.1.6 (/opt/ros/humble/share/rosidl_adapter/cmake)
[0.169s] -- Found rosidl_generator_cpp: 3.1.6 (/opt/ros/humble/share/rosidl_generator_cpp/cmake)
[0.177s] -- Using all available rosidl_typesupport_c: rosidl_typesupport_fastrtps_c;rosidl_typesupport_introspection_c
[0.188s] -- Using all available rosidl_typesupport_cpp: rosidl_typesupport_fastrtps_cpp;rosidl_typesupport_introspection_cpp
[0.216s] -- Found rmw_implementation_cmake: 6.1.2 (/opt/ros/humble/share/rmw_implementation_cmake/cmake)
[0.217s] -- Found rmw_fastrtps_cpp: 6.2.7 (/opt/ros/humble/share/rmw_fastrtps_cpp/cmake)
[0.304s] -- Using RMW implementation 'rmw_fastrtps_cpp' as default
[0.349s] -- Found geometry_msgs: 4.2.4 (/opt/ros/humble/share/geometry_msgs/cmake)
[0.360s] -- Found nav_msgs: 4.2.4 (/opt/ros/humble/share/nav_msgs/cmake)
[0.378s] -- Found sensor_msgs: 4.2.4 (/opt/ros/humble/share/sensor_msgs/cmake)
[0.393s] -- Found tf2: 0.25.11 (/opt/ros/humble/share/tf2/cmake)
[0.396s] -- Found tf2_ros: 0.25.11 (/opt/ros/humble/share/tf2_ros/cmake)
[0.472s] -- Found ament_lint_auto: 0.12.11 (/opt/ros/humble/share/ament_lint_auto/cmake)
[0.561s] -- Added test 'cppcheck' to perform static code analysis on C / C++ code
[0.561s] -- Configured cppcheck include dirs: /home/hab75/Ros2-Humble-interface-for-Unitree-Go1/ros2_ws/src/udp_bridge_ros2_cpp/include;/home/hab75/Ros2-Humble-interface-for-Unitree-Go1/ros2_ws/src/udp_bridge_ros2_cpp/sdk/unitree_legged_sdk/include;/home/hab75/Ros2-Humble-interface-for-Unitree-Go1/ros2_ws/src/udp_bridge_ros2_cpp/sdk/faceLightSDK_Nano/include;/home/hab75/Ros2-Humble-interface-for-Unitree-Go1/ros2_ws/src/udp_bridge_ros2_cpp/sdk/UnitreecameraSDK/include;$<BUILD_INTERFACE:/home/hab75/Ros2-Humble-interface-for-Unitree-Go1/ros2_ws/src/udp_bridge_ros2_cpp/include>
[0.561s] -- Configured cppcheck exclude dirs and/or files: 
[0.566s] -- Added test 'flake8' to check Python code syntax and style conventions
[0.573s] -- Added test 'lint_cmake' to check CMake code style
[0.577s] -- Added test 'pep257' to check Python code against some of the docstring style conventions in PEP 257
[0.608s] -- Added test 'uncrustify' to check C / C++ code style
[0.608s] -- Configured uncrustify additional arguments: 
[0.612s] -- Added test 'xmllint' to check XML markup files
[0.613s] -- Configuring done
[0.628s] -- Generating done
[0.633s] -- Build files have been written to: /home/hab75/Ros2-Humble-interface-for-Unitree-Go1/ros2_ws/build/udp_bridge_ros2_cpp
[0.656s] [35m[1mConsolidate compiler generated dependencies of target udp_bridge[0m
[0.656s] [35m[1mConsolidate compiler generated dependencies of target examplePublisher[0m
[0.656s] [35m[1mConsolidate compiler generated dependencies of target exampleSubscriber[0m
[0.665s] gmake[2]: *** No rule to make target '/home/hab75/Ros2-Humble-interface-for-Unitree-Go1/ros2_ws/src/udp_bridge_ros2_cpp/sdk/unitree_legged_sdk/lib/cpp//libunitree_legged_sdk.a', needed by 'udp_bridge'. Stop.
[0.665s] gmake[1]: *** [CMakeFiles/Makefile2:141: CMakeFiles/udp_bridge.dir/all] Error 2
[0.665s] gmake[1]: *** Waiting for unfinished jobs....
[0.672s] [ 33%] [32m[1mLinking CXX executable exampleSubscriber[0m
[0.672s] [ 33%] [32m[1mLinking CXX executable examplePublisher[0m
[0.855s] [ 50%] Built target examplePublisher
[0.978s] [ 66%] Built target exampleSubscriber
[0.979s] gmake: *** [Makefile:146: all] Error 2
[0.981s] Invoked command in '/home/hab75/Ros2-Humble-interface-for-Unitree-Go1/ros2_ws/build/udp_bridge_ros2_cpp' returned '2': CMAKE_PREFIX_PATH=${CMAKE_PREFIX_PATH}:/opt/ros/humble /usr/bin/cmake --build /home/hab75/Ros2-Humble-interface-for-Unitree-Go1/ros2_ws/build/udp_bridge_ros2_cpp -- -j12 -l12
