[0.011s] Invoking command in '/home/hab75/Ros2-Humble-interface-for-Unitree-Go1/ros2_ws/build/udp_bridge_ros2_cpp': CMAKE_PREFIX_PATH=${CMAKE_PREFIX_PATH}:/opt/ros/humble /usr/bin/cmake --build /home/hab75/Ros2-Humble-interface-for-Unitree-Go1/ros2_ws/build/udp_bridge_ros2_cpp -- -j12 -l12
[0.057s] [100%] Built target udp_bridge
[0.057s] [100%] Built target examplePublisher
[0.057s] [100%] Built target exampleSubscriber
[0.067s] Invoked command in '/home/hab75/Ros2-Humble-interface-for-Unitree-Go1/ros2_ws/build/udp_bridge_ros2_cpp' returned '0': CMAKE_PREFIX_PATH=${CMAKE_PREFIX_PATH}:/opt/ros/humble /usr/bin/cmake --build /home/hab75/Ros2-Humble-interface-for-Unitree-Go1/ros2_ws/build/udp_bridge_ros2_cpp -- -j12 -l12
[0.075s] Invoking command in '/home/hab75/Ros2-Humble-interface-for-Unitree-Go1/ros2_ws/build/udp_bridge_ros2_cpp': CMAKE_PREFIX_PATH=${CMAKE_PREFIX_PATH}:/opt/ros/humble /usr/bin/cmake --install /home/hab75/Ros2-Humble-interface-for-Unitree-Go1/ros2_ws/build/udp_bridge_ros2_cpp
[0.081s] -- Install configuration: ""
[0.081s] -- Up-to-date: /home/hab75/Ros2-Humble-interface-for-Unitree-Go1/ros2_ws/install/udp_bridge_ros2_cpp/include/include
[0.081s] -- Up-to-date: /home/hab75/Ros2-Humble-interface-for-Unitree-Go1/ros2_ws/install/udp_bridge_ros2_cpp/include/include/udp_bridge_ros2_cpp
[0.081s] -- Up-to-date: /home/hab75/Ros2-Humble-interface-for-Unitree-Go1/ros2_ws/install/udp_bridge_ros2_cpp/include/include
[0.081s] -- Up-to-date: /home/hab75/Ros2-Humble-interface-for-Unitree-Go1/ros2_ws/install/udp_bridge_ros2_cpp/include/include/unitree_legged_sdk
[0.081s] -- Up-to-date: /home/hab75/Ros2-Humble-interface-for-Unitree-Go1/ros2_ws/install/udp_bridge_ros2_cpp/include/include/unitree_legged_sdk/loop.h
[0.081s] -- Up-to-date: /home/hab75/Ros2-Humble-interface-for-Unitree-Go1/ros2_ws/install/udp_bridge_ros2_cpp/include/include/unitree_legged_sdk/go1_const.h
[0.081s] -- Up-to-date: /home/hab75/Ros2-Humble-interface-for-Unitree-Go1/ros2_ws/install/udp_bridge_ros2_cpp/include/include/unitree_legged_sdk/quadruped.h
[0.081s] -- Up-to-date: /home/hab75/Ros2-Humble-interface-for-Unitree-Go1/ros2_ws/install/udp_bridge_ros2_cpp/include/include/unitree_legged_sdk/aliengo_const.h
[0.081s] -- Up-to-date: /home/hab75/Ros2-Humble-interface-for-Unitree-Go1/ros2_ws/install/udp_bridge_ros2_cpp/include/include/unitree_legged_sdk/a1_const.h
[0.081s] -- Up-to-date: /home/hab75/Ros2-Humble-interface-for-Unitree-Go1/ros2_ws/install/udp_bridge_ros2_cpp/include/include/unitree_legged_sdk/safety.h
[0.082s] -- Up-to-date: /home/hab75/Ros2-Humble-interface-for-Unitree-Go1/ros2_ws/install/udp_bridge_ros2_cpp/include/include/unitree_legged_sdk/udp.h
[0.082s] -- Up-to-date: /home/hab75/Ros2-Humble-interface-for-Unitree-Go1/ros2_ws/install/udp_bridge_ros2_cpp/include/include/unitree_legged_sdk/joystick.h
[0.082s] -- Up-to-date: /home/hab75/Ros2-Humble-interface-for-Unitree-Go1/ros2_ws/install/udp_bridge_ros2_cpp/include/include/unitree_legged_sdk/unitree_legged_sdk.h
[0.082s] -- Up-to-date: /home/hab75/Ros2-Humble-interface-for-Unitree-Go1/ros2_ws/install/udp_bridge_ros2_cpp/include/include/unitree_legged_sdk/b1_const.h
[0.082s] -- Up-to-date: /home/hab75/Ros2-Humble-interface-for-Unitree-Go1/ros2_ws/install/udp_bridge_ros2_cpp/include/include/unitree_legged_sdk/comm.h
[0.082s] -- Up-to-date: /home/hab75/Ros2-Humble-interface-for-Unitree-Go1/ros2_ws/install/udp_bridge_ros2_cpp/include/include
[0.082s] -- Up-to-date: /home/hab75/Ros2-Humble-interface-for-Unitree-Go1/ros2_ws/install/udp_bridge_ros2_cpp/include/include/FaceLightClient.h
[0.082s] -- Up-to-date: /home/hab75/Ros2-Humble-interface-for-Unitree-Go1/ros2_ws/install/udp_bridge_ros2_cpp/include/include/LEDPixel.h
[0.082s] -- Up-to-date: /home/hab75/Ros2-Humble-interface-for-Unitree-Go1/ros2_ws/install/udp_bridge_ros2_cpp/include/include
[0.082s] -- Up-to-date: /home/hab75/Ros2-Humble-interface-for-Unitree-Go1/ros2_ws/install/udp_bridge_ros2_cpp/include/include/SystemLog.hpp
[0.082s] -- Up-to-date: /home/hab75/Ros2-Humble-interface-for-Unitree-Go1/ros2_ws/install/udp_bridge_ros2_cpp/include/include/StereoCameraCommon.hpp
[0.082s] -- Up-to-date: /home/hab75/Ros2-Humble-interface-for-Unitree-Go1/ros2_ws/install/udp_bridge_ros2_cpp/include/include/UnitreeCameraSDK.hpp
[0.082s] -- Up-to-date: /home/hab75/Ros2-Humble-interface-for-Unitree-Go1/ros2_ws/install/udp_bridge_ros2_cpp/lib/udp_bridge_ros2_cpp/udp_bridge
[0.082s] -- Up-to-date: /home/hab75/Ros2-Humble-interface-for-Unitree-Go1/ros2_ws/install/udp_bridge_ros2_cpp/lib/udp_bridge_ros2_cpp/examplePublisher
[0.082s] -- Up-to-date: /home/hab75/Ros2-Humble-interface-for-Unitree-Go1/ros2_ws/install/udp_bridge_ros2_cpp/lib/udp_bridge_ros2_cpp/exampleSubscriber
[0.082s] -- Up-to-date: /home/hab75/Ros2-Humble-interface-for-Unitree-Go1/ros2_ws/install/udp_bridge_ros2_cpp/share/ament_index/resource_index/package_run_dependencies/udp_bridge_ros2_cpp
[0.082s] -- Up-to-date: /home/hab75/Ros2-Humble-interface-for-Unitree-Go1/ros2_ws/install/udp_bridge_ros2_cpp/share/ament_index/resource_index/parent_prefix_path/udp_bridge_ros2_cpp
[0.083s] -- Up-to-date: /home/hab75/Ros2-Humble-interface-for-Unitree-Go1/ros2_ws/install/udp_bridge_ros2_cpp/share/udp_bridge_ros2_cpp/environment/ament_prefix_path.sh
[0.083s] -- Up-to-date: /home/hab75/Ros2-Humble-interface-for-Unitree-Go1/ros2_ws/install/udp_bridge_ros2_cpp/share/udp_bridge_ros2_cpp/environment/ament_prefix_path.dsv
[0.083s] -- Up-to-date: /home/hab75/Ros2-Humble-interface-for-Unitree-Go1/ros2_ws/install/udp_bridge_ros2_cpp/share/udp_bridge_ros2_cpp/environment/path.sh
[0.083s] -- Up-to-date: /home/hab75/Ros2-Humble-interface-for-Unitree-Go1/ros2_ws/install/udp_bridge_ros2_cpp/share/udp_bridge_ros2_cpp/environment/path.dsv
[0.083s] -- Up-to-date: /home/hab75/Ros2-Humble-interface-for-Unitree-Go1/ros2_ws/install/udp_bridge_ros2_cpp/share/udp_bridge_ros2_cpp/local_setup.bash
[0.083s] -- Up-to-date: /home/hab75/Ros2-Humble-interface-for-Unitree-Go1/ros2_ws/install/udp_bridge_ros2_cpp/share/udp_bridge_ros2_cpp/local_setup.sh
[0.083s] -- Up-to-date: /home/hab75/Ros2-Humble-interface-for-Unitree-Go1/ros2_ws/install/udp_bridge_ros2_cpp/share/udp_bridge_ros2_cpp/local_setup.zsh
[0.083s] -- Up-to-date: /home/hab75/Ros2-Humble-interface-for-Unitree-Go1/ros2_ws/install/udp_bridge_ros2_cpp/share/udp_bridge_ros2_cpp/local_setup.dsv
[0.083s] -- Up-to-date: /home/hab75/Ros2-Humble-interface-for-Unitree-Go1/ros2_ws/install/udp_bridge_ros2_cpp/share/udp_bridge_ros2_cpp/package.dsv
[0.083s] -- Up-to-date: /home/hab75/Ros2-Humble-interface-for-Unitree-Go1/ros2_ws/install/udp_bridge_ros2_cpp/share/ament_index/resource_index/packages/udp_bridge_ros2_cpp
[0.083s] -- Up-to-date: /home/hab75/Ros2-Humble-interface-for-Unitree-Go1/ros2_ws/install/udp_bridge_ros2_cpp/share/udp_bridge_ros2_cpp/cmake/udp_bridge_ros2_cppConfig.cmake
[0.083s] -- Up-to-date: /home/hab75/Ros2-Humble-interface-for-Unitree-Go1/ros2_ws/install/udp_bridge_ros2_cpp/share/udp_bridge_ros2_cpp/cmake/udp_bridge_ros2_cppConfig-version.cmake
[0.083s] -- Up-to-date: /home/hab75/Ros2-Humble-interface-for-Unitree-Go1/ros2_ws/install/udp_bridge_ros2_cpp/share/udp_bridge_ros2_cpp/package.xml
[0.084s] Invoked command in '/home/hab75/Ros2-Humble-interface-for-Unitree-Go1/ros2_ws/build/udp_bridge_ros2_cpp' returned '0': CMAKE_PREFIX_PATH=${CMAKE_PREFIX_PATH}:/opt/ros/humble /usr/bin/cmake --install /home/hab75/Ros2-Humble-interface-for-Unitree-Go1/ros2_ws/build/udp_bridge_ros2_cpp
