[0.009s] Invoking command in '/home/hab75/Ros2-Humble-interface-for-Unitree-Go1/ros2_ws/build/udp_bridge_ros2_cpp': CMAKE_PREFIX_PATH=${CMAKE_PREFIX_PATH}:/opt/ros/humble /usr/bin/cmake /home/hab75/Ros2-Humble-interface-for-Unitree-Go1/ros2_ws/src/udp_bridge_ros2_cpp -DCMAKE_INSTALL_PREFIX=/home/hab75/Ros2-Humble-interface-for-Unitree-Go1/ros2_ws/install/udp_bridge_ros2_cpp
[0.058s] -- The C compiler identification is GNU 11.4.0
[0.111s] -- The CXX compiler identification is GNU 11.4.0
[0.118s] -- Detecting C compiler ABI info
[0.180s] -- Detecting C compiler ABI info - done
[0.187s] -- Check for working C compiler: /usr/bin/cc - skipped
[0.187s] -- Detecting C compile features
[0.188s] -- Detecting C compile features - done
[0.190s] -- Detecting CXX compiler ABI info
[0.259s] -- Detecting CXX compiler ABI info - done
[0.266s] -- Check for working CXX compiler: /usr/bin/c++ - skipped
[0.266s] -- Detecting CXX compile features
[0.267s] -- Detecting CXX compile features - done
[0.270s] -- Found ament_cmake: 1.3.11 (/opt/ros/humble/share/ament_cmake/cmake)
[0.411s] -- Found Python3: /usr/bin/python3 (found version "3.10.12") found components: Interpreter 
[0.488s] -- Found rclcpp: 16.0.11 (/opt/ros/humble/share/rclcpp/cmake)
[0.536s] -- Found rosidl_generator_c: 3.1.6 (/opt/ros/humble/share/rosidl_generator_c/cmake)
[0.542s] -- Found rosidl_adapter: 3.1.6 (/opt/ros/humble/share/rosidl_adapter/cmake)
[0.550s] -- Found rosidl_generator_cpp: 3.1.6 (/opt/ros/humble/share/rosidl_generator_cpp/cmake)
[0.561s] -- Using all available rosidl_typesupport_c: rosidl_typesupport_fastrtps_c;rosidl_typesupport_introspection_c
[0.576s] -- Using all available rosidl_typesupport_cpp: rosidl_typesupport_fastrtps_cpp;rosidl_typesupport_introspection_cpp
[0.617s] -- Found rmw_implementation_cmake: 6.1.2 (/opt/ros/humble/share/rmw_implementation_cmake/cmake)
[0.619s] -- Found rmw_fastrtps_cpp: 6.2.7 (/opt/ros/humble/share/rmw_fastrtps_cpp/cmake)
[0.694s] -- Found OpenSSL: /usr/lib/x86_64-linux-gnu/libcrypto.so (found version "3.0.2")  
[0.719s] -- Found FastRTPS: /opt/ros/humble/include  
[0.759s] -- Using RMW implementation 'rmw_fastrtps_cpp' as default
[0.767s] -- Looking for pthread.h
[0.830s] -- Looking for pthread.h - found
[0.831s] -- Performing Test CMAKE_HAVE_LIBC_PTHREAD
[0.911s] -- Performing Test CMAKE_HAVE_LIBC_PTHREAD - Success
[0.912s] -- Found Threads: TRUE  
[0.961s] -- Found geometry_msgs: 4.2.4 (/opt/ros/humble/share/geometry_msgs/cmake)
[0.973s] -- Found nav_msgs: 4.2.4 (/opt/ros/humble/share/nav_msgs/cmake)
[0.990s] -- Found sensor_msgs: 4.2.4 (/opt/ros/humble/share/sensor_msgs/cmake)
[1.013s] -- Found tf2: 0.25.11 (/opt/ros/humble/share/tf2/cmake)
[1.023s] -- Found tf2_ros: 0.25.11 (/opt/ros/humble/share/tf2_ros/cmake)
[1.105s] -- Found rosidl_default_generators: 1.2.0 (/opt/ros/humble/share/rosidl_default_generators/cmake)
[1.255s] [31mCMake Error at /opt/ros/humble/share/rosidl_adapter/cmake/rosidl_adapt_interfaces.cmake:59 (message):
[1.256s]   execute_process(/usr/bin/python3 -m rosidl_adapter --package-name
[1.256s]   udp_bridge_ros2_cpp --arguments-file
[1.256s]   /home/hab75/Ros2-Humble-interface-for-Unitree-Go1/ros2_ws/build/udp_bridge_ros2_cpp/rosidl_adapter__arguments__udp_bridge_ros2_cpp.json
[1.256s]   --output-dir
[1.256s]   /home/hab75/Ros2-Humble-interface-for-Unitree-Go1/ros2_ws/build/udp_bridge_ros2_cpp/rosidl_adapter/udp_bridge_ros2_cpp
[1.256s]   --output-file
[1.256s]   /home/hab75/Ros2-Humble-interface-for-Unitree-Go1/ros2_ws/build/udp_bridge_ros2_cpp/rosidl_adapter/udp_bridge_ros2_cpp.idls)
[1.256s]   returned error code 1:
[1.256s] 
[1.256s]   Error processing 'uint8 SOC' of 'udp_bridge_ros2_cpp/BmsState': ''SOC' is
[1.256s]   an invalid field name.  It should have the pattern
[1.256s]   '^(?!.*__)(?!.*_$)[a-z][a-z0-9_]*$''
[1.256s] 
[1.256s]   Traceback (most recent call last):
[1.256s] 
[1.256s]     File "/usr/lib/python3.10/runpy.py", line 196, in _run_module_as_main
[1.256s]       return _run_code(code, main_globals, None,
[1.257s]     File "/usr/lib/python3.10/runpy.py", line 86, in _run_code
[1.257s]       exec(code, run_globals)
[1.257s]     File "/opt/ros/humble/local/lib/python3.10/dist-packages/rosidl_adapter/__main__.py", line 19, in <module>
[1.257s]       sys.exit(main())
[1.257s]     File "/opt/ros/humble/local/lib/python3.10/dist-packages/rosidl_adapter/main.py", line 53, in main
[1.257s]       abs_idl_file = convert_to_idl(
[1.257s]     File "/opt/ros/humble/local/lib/python3.10/dist-packages/rosidl_adapter/__init__.py", line 19, in convert_to_idl
[1.257s]       return convert_msg_to_idl(
[1.257s]     File "/opt/ros/humble/local/lib/python3.10/dist-packages/rosidl_adapter/msg/__init__.py", line 28, in convert_msg_to_idl
[1.257s]       msg = parse_message_string(package_name, input_file.stem, content)
[1.257s]     File "/opt/ros/humble/local/lib/python3.10/dist-packages/rosidl_adapter/parser.py", line 519, in parse_message_string
[1.257s]       fields.append(Field(
[1.257s]     File "/opt/ros/humble/local/lib/python3.10/dist-packages/rosidl_adapter/parser.py", line 354, in __init__
[1.257s]       raise NameError(
[1.257s] 
[1.257s]   NameError: 'SOC' is an invalid field name.  It should have the pattern
[1.257s]   '^(?!.*__)(?!.*_$)[a-z][a-z0-9_]*$'
[1.257s] 
[1.257s] Call Stack (most recent call first):
[1.257s]   /opt/ros/humble/share/rosidl_cmake/cmake/rosidl_generate_interfaces.cmake:130 (rosidl_adapt_interfaces)
[1.257s]   CMakeLists.txt:47 (rosidl_generate_interfaces)
[1.258s] 
[1.258s] [0m
[1.258s] -- Configuring incomplete, errors occurred!
[1.258s] See also "/home/hab75/Ros2-Humble-interface-for-Unitree-Go1/ros2_ws/build/udp_bridge_ros2_cpp/CMakeFiles/CMakeOutput.log".
[1.270s] Invoked command in '/home/hab75/Ros2-Humble-interface-for-Unitree-Go1/ros2_ws/build/udp_bridge_ros2_cpp' returned '1': CMAKE_PREFIX_PATH=${CMAKE_PREFIX_PATH}:/opt/ros/humble /usr/bin/cmake /home/hab75/Ros2-Humble-interface-for-Unitree-Go1/ros2_ws/src/udp_bridge_ros2_cpp -DCMAKE_INSTALL_PREFIX=/home/hab75/Ros2-Humble-interface-for-Unitree-Go1/ros2_ws/install/udp_bridge_ros2_cpp
