Performing C++ SOURCE FILE Test CMAKE_HAVE_LIBC_PTHREAD failed with the following output:
Change Dir: /home/pi/ros_catkin_ws/build_isolated/class_loader/CMakeFiles/CMakeTmp

Run Build Command(s):/usr/bin/make cmTC_acf4d/fast && /usr/bin/make -f CMakeFiles/cmTC_acf4d.dir/build.make CMakeFiles/cmTC_acf4d.dir/build
make[1]: Entering directory '/home/pi/ros_catkin_ws/build_isolated/class_loader/CMakeFiles/CMakeTmp'
Building CXX object CMakeFiles/cmTC_acf4d.dir/src.cxx.o
/usr/bin/c++    -DCMAKE_HAVE_LIBC_PTHREAD   -o CMakeFiles/cmTC_acf4d.dir/src.cxx.o -c /home/pi/ros_catkin_ws/build_isolated/class_loader/CMakeFiles/CMakeTmp/src.cxx
Linking CXX executable cmTC_acf4d
/usr/bin/cmake -E cmake_link_script CMakeFiles/cmTC_acf4d.dir/link.txt --verbose=1
/usr/bin/c++   -DCMAKE_HAVE_LIBC_PTHREAD    CMakeFiles/cmTC_acf4d.dir/src.cxx.o  -o cmTC_acf4d 
/usr/bin/ld: CMakeFiles/cmTC_acf4d.dir/src.cxx.o: in function `main':
src.cxx:(.text+0x34): undefined reference to `pthread_create'
/usr/bin/ld: src.cxx:(.text+0x3c): undefined reference to `pthread_detach'
/usr/bin/ld: src.cxx:(.text+0x48): undefined reference to `pthread_join'
collect2: error: ld returned 1 exit status
make[1]: *** [CMakeFiles/cmTC_acf4d.dir/build.make:87: cmTC_acf4d] Error 1
make[1]: Leaving directory '/home/pi/ros_catkin_ws/build_isolated/class_loader/CMakeFiles/CMakeTmp'
make: *** [Makefile:121: cmTC_acf4d/fast] Error 2


Source file was:
#include <pthread.h>

void* test_func(void* data)
{
  return data;
}

int main(void)
{
  pthread_t thread;
  pthread_create(&thread, NULL, test_func, NULL);
  pthread_detach(thread);
  pthread_join(thread, NULL);
  pthread_atfork(NULL, NULL, NULL);
  pthread_exit(NULL);

  return 0;
}

Determining if the function pthread_create exists in the pthreads failed with the following output:
Change Dir: /home/pi/ros_catkin_ws/build_isolated/class_loader/CMakeFiles/CMakeTmp

Run Build Command(s):/usr/bin/make cmTC_f9501/fast && /usr/bin/make -f CMakeFiles/cmTC_f9501.dir/build.make CMakeFiles/cmTC_f9501.dir/build
make[1]: Entering directory '/home/pi/ros_catkin_ws/build_isolated/class_loader/CMakeFiles/CMakeTmp'
Building CXX object CMakeFiles/cmTC_f9501.dir/CheckFunctionExists.cxx.o
/usr/bin/c++    -DCHECK_FUNCTION_EXISTS=pthread_create   -o CMakeFiles/cmTC_f9501.dir/CheckFunctionExists.cxx.o -c /home/pi/ros_catkin_ws/build_isolated/class_loader/CMakeFiles/CheckLibraryExists/CheckFunctionExists.cxx
Linking CXX executable cmTC_f9501
/usr/bin/cmake -E cmake_link_script CMakeFiles/cmTC_f9501.dir/link.txt --verbose=1
/usr/bin/c++   -DCHECK_FUNCTION_EXISTS=pthread_create    CMakeFiles/cmTC_f9501.dir/CheckFunctionExists.cxx.o  -o cmTC_f9501  -lpthreads 
/usr/bin/ld: cannot find -lpthreads
collect2: error: ld returned 1 exit status
make[1]: *** [CMakeFiles/cmTC_f9501.dir/build.make:87: cmTC_f9501] Error 1
make[1]: Leaving directory '/home/pi/ros_catkin_ws/build_isolated/class_loader/CMakeFiles/CMakeTmp'
make: *** [Makefile:121: cmTC_f9501/fast] Error 2



