[35m[1mConsolidate compiler generated dependencies of target udp_bridge[0m
[ 50%] Built target exampleSubscriber
[ 66%] Built target examplePublisher
[100%] Built target udp_bridge
-- Install configuration: ""
-- Up-to-date: /home/hab75/Ros2-Humble-interface-for-Unitree-Go1/ros2_ws/install/udp_bridge_ros2_cpp/include/include
-- Up-to-date: /home/hab75/Ros2-Humble-interface-for-Unitree-Go1/ros2_ws/install/udp_bridge_ros2_cpp/include/include/udp_bridge_ros2_cpp
-- Up-to-date: /home/hab75/Ros2-Humble-interface-for-Unitree-Go1/ros2_ws/install/udp_bridge_ros2_cpp/include/include
-- Up-to-date: /home/hab75/Ros2-Humble-interface-for-Unitree-Go1/ros2_ws/install/udp_bridge_ros2_cpp/include/include/unitree_legged_sdk
-- Up-to-date: /home/hab75/Ros2-Humble-interface-for-Unitree-Go1/ros2_ws/install/udp_bridge_ros2_cpp/include/include/unitree_legged_sdk/loop.h
-- Up-to-date: /home/hab75/Ros2-Humble-interface-for-Unitree-Go1/ros2_ws/install/udp_bridge_ros2_cpp/include/include/unitree_legged_sdk/go1_const.h
-- Up-to-date: /home/hab75/Ros2-Humble-interface-for-Unitree-Go1/ros2_ws/install/udp_bridge_ros2_cpp/include/include/unitree_legged_sdk/quadruped.h
-- Up-to-date: /home/hab75/Ros2-Humble-interface-for-Unitree-Go1/ros2_ws/install/udp_bridge_ros2_cpp/include/include/unitree_legged_sdk/aliengo_const.h
-- Up-to-date: /home/hab75/Ros2-Humble-interface-for-Unitree-Go1/ros2_ws/install/udp_bridge_ros2_cpp/include/include/unitree_legged_sdk/a1_const.h
-- Up-to-date: /home/hab75/Ros2-Humble-interface-for-Unitree-Go1/ros2_ws/install/udp_bridge_ros2_cpp/include/include/unitree_legged_sdk/safety.h
-- Up-to-date: /home/hab75/Ros2-Humble-interface-for-Unitree-Go1/ros2_ws/install/udp_bridge_ros2_cpp/include/include/unitree_legged_sdk/udp.h
-- Up-to-date: /home/hab75/Ros2-Humble-interface-for-Unitree-Go1/ros2_ws/install/udp_bridge_ros2_cpp/include/include/unitree_legged_sdk/joystick.h
-- Up-to-date: /home/hab75/Ros2-Humble-interface-for-Unitree-Go1/ros2_ws/install/udp_bridge_ros2_cpp/include/include/unitree_legged_sdk/unitree_legged_sdk.h
-- Up-to-date: /home/hab75/Ros2-Humble-interface-for-Unitree-Go1/ros2_ws/install/udp_bridge_ros2_cpp/include/include/unitree_legged_sdk/b1_const.h
-- Up-to-date: /home/hab75/Ros2-Humble-interface-for-Unitree-Go1/ros2_ws/install/udp_bridge_ros2_cpp/include/include/unitree_legged_sdk/comm.h
-- Up-to-date: /home/hab75/Ros2-Humble-interface-for-Unitree-Go1/ros2_ws/install/udp_bridge_ros2_cpp/include/include
-- Up-to-date: /home/hab75/Ros2-Humble-interface-for-Unitree-Go1/ros2_ws/install/udp_bridge_ros2_cpp/include/include/FaceLightClient.h
-- Up-to-date: /home/hab75/Ros2-Humble-interface-for-Unitree-Go1/ros2_ws/install/udp_bridge_ros2_cpp/include/include/LEDPixel.h
-- Up-to-date: /home/hab75/Ros2-Humble-interface-for-Unitree-Go1/ros2_ws/install/udp_bridge_ros2_cpp/include/include
-- Up-to-date: /home/hab75/Ros2-Humble-interface-for-Unitree-Go1/ros2_ws/install/udp_bridge_ros2_cpp/include/include/SystemLog.hpp
-- Up-to-date: /home/hab75/Ros2-Humble-interface-for-Unitree-Go1/ros2_ws/install/udp_bridge_ros2_cpp/include/include/StereoCameraCommon.hpp
-- Up-to-date: /home/hab75/Ros2-Humble-interface-for-Unitree-Go1/ros2_ws/install/udp_bridge_ros2_cpp/include/include/UnitreeCameraSDK.hpp
-- Up-to-date: /home/hab75/Ros2-Humble-interface-for-Unitree-Go1/ros2_ws/install/udp_bridge_ros2_cpp/lib/udp_bridge_ros2_cpp/udp_bridge
-- Up-to-date: /home/hab75/Ros2-Humble-interface-for-Unitree-Go1/ros2_ws/install/udp_bridge_ros2_cpp/lib/udp_bridge_ros2_cpp/examplePublisher
-- Up-to-date: /home/hab75/Ros2-Humble-interface-for-Unitree-Go1/ros2_ws/install/udp_bridge_ros2_cpp/lib/udp_bridge_ros2_cpp/exampleSubscriber
-- Up-to-date: /home/hab75/Ros2-Humble-interface-for-Unitree-Go1/ros2_ws/install/udp_bridge_ros2_cpp/share/ament_index/resource_index/package_run_dependencies/udp_bridge_ros2_cpp
-- Up-to-date: /home/hab75/Ros2-Humble-interface-for-Unitree-Go1/ros2_ws/install/udp_bridge_ros2_cpp/share/ament_index/resource_index/parent_prefix_path/udp_bridge_ros2_cpp
-- Up-to-date: /home/hab75/Ros2-Humble-interface-for-Unitree-Go1/ros2_ws/install/udp_bridge_ros2_cpp/share/udp_bridge_ros2_cpp/environment/ament_prefix_path.sh
-- Up-to-date: /home/hab75/Ros2-Humble-interface-for-Unitree-Go1/ros2_ws/install/udp_bridge_ros2_cpp/share/udp_bridge_ros2_cpp/environment/ament_prefix_path.dsv
-- Up-to-date: /home/hab75/Ros2-Humble-interface-for-Unitree-Go1/ros2_ws/install/udp_bridge_ros2_cpp/share/udp_bridge_ros2_cpp/environment/path.sh
-- Up-to-date: /home/hab75/Ros2-Humble-interface-for-Unitree-Go1/ros2_ws/install/udp_bridge_ros2_cpp/share/udp_bridge_ros2_cpp/environment/path.dsv
-- Up-to-date: /home/hab75/Ros2-Humble-interface-for-Unitree-Go1/ros2_ws/install/udp_bridge_ros2_cpp/share/udp_bridge_ros2_cpp/local_setup.bash
-- Up-to-date: /home/hab75/Ros2-Humble-interface-for-Unitree-Go1/ros2_ws/install/udp_bridge_ros2_cpp/share/udp_bridge_ros2_cpp/local_setup.sh
-- Up-to-date: /home/hab75/Ros2-Humble-interface-for-Unitree-Go1/ros2_ws/install/udp_bridge_ros2_cpp/share/udp_bridge_ros2_cpp/local_setup.zsh
-- Up-to-date: /home/hab75/Ros2-Humble-interface-for-Unitree-Go1/ros2_ws/install/udp_bridge_ros2_cpp/share/udp_bridge_ros2_cpp/local_setup.dsv
-- Installing: /home/hab75/Ros2-Humble-interface-for-Unitree-Go1/ros2_ws/install/udp_bridge_ros2_cpp/share/udp_bridge_ros2_cpp/package.dsv
-- Up-to-date: /home/hab75/Ros2-Humble-interface-for-Unitree-Go1/ros2_ws/install/udp_bridge_ros2_cpp/share/ament_index/resource_index/packages/udp_bridge_ros2_cpp
-- Up-to-date: /home/hab75/Ros2-Humble-interface-for-Unitree-Go1/ros2_ws/install/udp_bridge_ros2_cpp/share/udp_bridge_ros2_cpp/cmake/udp_bridge_ros2_cppConfig.cmake
-- Up-to-date: /home/hab75/Ros2-Humble-interface-for-Unitree-Go1/ros2_ws/install/udp_bridge_ros2_cpp/share/udp_bridge_ros2_cpp/cmake/udp_bridge_ros2_cppConfig-version.cmake
-- Up-to-date: /home/hab75/Ros2-Humble-interface-for-Unitree-Go1/ros2_ws/install/udp_bridge_ros2_cpp/share/udp_bridge_ros2_cpp/package.xml
