[0.011s] Invoking command in '/home/hab75/Ros2-Humble-interface-for-Unitree-Go1/ros2_ws/build/udp_bridge_ros2_cpp': CMAKE_PREFIX_PATH=/opt/ros/humble /usr/bin/cmake --build /home/hab75/Ros2-Humble-interface-for-Unitree-Go1/ros2_ws/build/udp_bridge_ros2_cpp -- -j12 -l12
[0.056s] [ 33%] Built target udp_bridge
[0.059s] [100%] Built target examplePublisher
[0.059s] [100%] Built target exampleSubscriber
[0.069s] Invoked command in '/home/hab75/Ros2-Humble-interface-for-Unitree-Go1/ros2_ws/build/udp_bridge_ros2_cpp' returned '0': CMAKE_PREFIX_PATH=/opt/ros/humble /usr/bin/cmake --build /home/hab75/Ros2-Humble-interface-for-Unitree-Go1/ros2_ws/build/udp_bridge_ros2_cpp -- -j12 -l12
[0.078s] Invoking command in '/home/hab75/Ros2-Humble-interface-for-Unitree-Go1/ros2_ws/build/udp_bridge_ros2_cpp': CMAKE_PREFIX_PATH=/opt/ros/humble /usr/bin/cmake --install /home/hab75/Ros2-Humble-interface-for-Unitree-Go1/ros2_ws/build/udp_bridge_ros2_cpp
[0.084s] -- Install configuration: ""
[0.084s] -- Up-to-date: /home/hab75/Ros2-Humble-interface-for-Unitree-Go1/ros2_ws/install/udp_bridge_ros2_cpp/include/include
[0.084s] -- Up-to-date: /home/hab75/Ros2-Humble-interface-for-Unitree-Go1/ros2_ws/install/udp_bridge_ros2_cpp/include/include/udp_bridge_ros2_cpp
[0.084s] -- Up-to-date: /home/hab75/Ros2-Humble-interface-for-Unitree-Go1/ros2_ws/install/udp_bridge_ros2_cpp/include/include
[0.084s] -- Installing: /home/hab75/Ros2-Humble-interface-for-Unitree-Go1/ros2_ws/install/udp_bridge_ros2_cpp/include/include/unitree_legged_sdk
[0.084s] -- Installing: /home/hab75/Ros2-Humble-interface-for-Unitree-Go1/ros2_ws/install/udp_bridge_ros2_cpp/include/include/unitree_legged_sdk/loop.h
[0.084s] -- Installing: /home/hab75/Ros2-Humble-interface-for-Unitree-Go1/ros2_ws/install/udp_bridge_ros2_cpp/include/include/unitree_legged_sdk/go1_const.h
[0.085s] -- Installing: /home/hab75/Ros2-Humble-interface-for-Unitree-Go1/ros2_ws/install/udp_bridge_ros2_cpp/include/include/unitree_legged_sdk/quadruped.h
[0.085s] -- Installing: /home/hab75/Ros2-Humble-interface-for-Unitree-Go1/ros2_ws/install/udp_bridge_ros2_cpp/include/include/unitree_legged_sdk/aliengo_const.h
[0.085s] -- Installing: /home/hab75/Ros2-Humble-interface-for-Unitree-Go1/ros2_ws/install/udp_bridge_ros2_cpp/include/include/unitree_legged_sdk/a1_const.h
[0.085s] -- Installing: /home/hab75/Ros2-Humble-interface-for-Unitree-Go1/ros2_ws/install/udp_bridge_ros2_cpp/include/include/unitree_legged_sdk/safety.h
[0.085s] -- Installing: /home/hab75/Ros2-Humble-interface-for-Unitree-Go1/ros2_ws/install/udp_bridge_ros2_cpp/include/include/unitree_legged_sdk/udp.h
[0.085s] -- Installing: /home/hab75/Ros2-Humble-interface-for-Unitree-Go1/ros2_ws/install/udp_bridge_ros2_cpp/include/include/unitree_legged_sdk/joystick.h
[0.085s] -- Installing: /home/hab75/Ros2-Humble-interface-for-Unitree-Go1/ros2_ws/install/udp_bridge_ros2_cpp/include/include/unitree_legged_sdk/unitree_legged_sdk.h
[0.085s] -- Installing: /home/hab75/Ros2-Humble-interface-for-Unitree-Go1/ros2_ws/install/udp_bridge_ros2_cpp/include/include/unitree_legged_sdk/b1_const.h
[0.085s] -- Installing: /home/hab75/Ros2-Humble-interface-for-Unitree-Go1/ros2_ws/install/udp_bridge_ros2_cpp/include/include/unitree_legged_sdk/comm.h
[0.085s] -- Installing: /home/hab75/Ros2-Humble-interface-for-Unitree-Go1/ros2_ws/install/udp_bridge_ros2_cpp/lib/udp_bridge_ros2_cpp/udp_bridge
[0.086s] -- Set runtime path of "/home/hab75/Ros2-Humble-interface-for-Unitree-Go1/ros2_ws/install/udp_bridge_ros2_cpp/lib/udp_bridge_ros2_cpp/udp_bridge" to ""
[0.086s] -- Installing: /home/hab75/Ros2-Humble-interface-for-Unitree-Go1/ros2_ws/install/udp_bridge_ros2_cpp/lib/udp_bridge_ros2_cpp/examplePublisher
[0.087s] -- Set runtime path of "/home/hab75/Ros2-Humble-interface-for-Unitree-Go1/ros2_ws/install/udp_bridge_ros2_cpp/lib/udp_bridge_ros2_cpp/examplePublisher" to ""
[0.087s] -- Installing: /home/hab75/Ros2-Humble-interface-for-Unitree-Go1/ros2_ws/install/udp_bridge_ros2_cpp/lib/udp_bridge_ros2_cpp/exampleSubscriber
[0.090s] -- Set runtime path of "/home/hab75/Ros2-Humble-interface-for-Unitree-Go1/ros2_ws/install/udp_bridge_ros2_cpp/lib/udp_bridge_ros2_cpp/exampleSubscriber" to ""
[0.090s] -- Installing: /home/hab75/Ros2-Humble-interface-for-Unitree-Go1/ros2_ws/install/udp_bridge_ros2_cpp/share/ament_index/resource_index/package_run_dependencies/udp_bridge_ros2_cpp
[0.090s] -- Installing: /home/hab75/Ros2-Humble-interface-for-Unitree-Go1/ros2_ws/install/udp_bridge_ros2_cpp/share/ament_index/resource_index/parent_prefix_path/udp_bridge_ros2_cpp
[0.090s] -- Installing: /home/hab75/Ros2-Humble-interface-for-Unitree-Go1/ros2_ws/install/udp_bridge_ros2_cpp/share/udp_bridge_ros2_cpp/environment/ament_prefix_path.sh
[0.090s] -- Installing: /home/hab75/Ros2-Humble-interface-for-Unitree-Go1/ros2_ws/install/udp_bridge_ros2_cpp/share/udp_bridge_ros2_cpp/environment/ament_prefix_path.dsv
[0.091s] -- Installing: /home/hab75/Ros2-Humble-interface-for-Unitree-Go1/ros2_ws/install/udp_bridge_ros2_cpp/share/udp_bridge_ros2_cpp/environment/path.sh
[0.091s] -- Installing: /home/hab75/Ros2-Humble-interface-for-Unitree-Go1/ros2_ws/install/udp_bridge_ros2_cpp/share/udp_bridge_ros2_cpp/environment/path.dsv
[0.091s] -- Installing: /home/hab75/Ros2-Humble-interface-for-Unitree-Go1/ros2_ws/install/udp_bridge_ros2_cpp/share/udp_bridge_ros2_cpp/local_setup.bash
[0.091s] -- Installing: /home/hab75/Ros2-Humble-interface-for-Unitree-Go1/ros2_ws/install/udp_bridge_ros2_cpp/share/udp_bridge_ros2_cpp/local_setup.sh
[0.091s] -- Installing: /home/hab75/Ros2-Humble-interface-for-Unitree-Go1/ros2_ws/install/udp_bridge_ros2_cpp/share/udp_bridge_ros2_cpp/local_setup.zsh
[0.091s] -- Installing: /home/hab75/Ros2-Humble-interface-for-Unitree-Go1/ros2_ws/install/udp_bridge_ros2_cpp/share/udp_bridge_ros2_cpp/local_setup.dsv
[0.091s] -- Installing: /home/hab75/Ros2-Humble-interface-for-Unitree-Go1/ros2_ws/install/udp_bridge_ros2_cpp/share/udp_bridge_ros2_cpp/package.dsv
[0.091s] -- Installing: /home/hab75/Ros2-Humble-interface-for-Unitree-Go1/ros2_ws/install/udp_bridge_ros2_cpp/share/ament_index/resource_index/packages/udp_bridge_ros2_cpp
[0.091s] -- Installing: /home/hab75/Ros2-Humble-interface-for-Unitree-Go1/ros2_ws/install/udp_bridge_ros2_cpp/share/udp_bridge_ros2_cpp/cmake/udp_bridge_ros2_cppConfig.cmake
[0.092s] -- Installing: /home/hab75/Ros2-Humble-interface-for-Unitree-Go1/ros2_ws/install/udp_bridge_ros2_cpp/share/udp_bridge_ros2_cpp/cmake/udp_bridge_ros2_cppConfig-version.cmake
[0.092s] -- Installing: /home/hab75/Ros2-Humble-interface-for-Unitree-Go1/ros2_ws/install/udp_bridge_ros2_cpp/share/udp_bridge_ros2_cpp/package.xml
[0.093s] Invoked command in '/home/hab75/Ros2-Humble-interface-for-Unitree-Go1/ros2_ws/build/udp_bridge_ros2_cpp' returned '0': CMAKE_PREFIX_PATH=/opt/ros/humble /usr/bin/cmake --install /home/hab75/Ros2-Humble-interface-for-Unitree-Go1/ros2_ws/build/udp_bridge_ros2_cpp
