[0.006s] Invoking command in '/home/hab75/Ros2-Humble-interface-for-Unitree-Go1/ros2_ws/build/udp_bridge_ros2_cpp': CMAKE_PREFIX_PATH=${CMAKE_PREFIX_PATH}:/opt/ros/humble /usr/bin/cmake /home/hab75/Ros2-Humble-interface-for-Unitree-Go1/ros2_ws/src/udp_bridge_ros2_cpp -DCMAKE_INSTALL_PREFIX=/home/hab75/Ros2-Humble-interface-for-Unitree-Go1/ros2_ws/install/udp_bridge_ros2_cpp
[0.052s] -- The C compiler identification is GNU 11.4.0
[0.099s] -- The CXX compiler identification is GNU 11.4.0
[0.105s] -- Detecting C compiler ABI info
[0.168s] -- Detecting C compiler ABI info - done
[0.175s] -- Check for working C compiler: /usr/bin/cc - skipped
[0.176s] -- Detecting C compile features
[0.176s] -- Detecting C compile features - done
[0.179s] -- Detecting CXX compiler ABI info
[0.246s] -- Detecting CXX compiler ABI info - done
[0.253s] -- Check for working CXX compiler: /usr/bin/c++ - skipped
[0.254s] -- Detecting CXX compile features
[0.254s] -- Detecting CXX compile features - done
[0.256s] -- Found ament_cmake: 1.3.11 (/opt/ros/humble/share/ament_cmake/cmake)
[0.380s] -- Found Python3: /usr/bin/python3 (found version "3.10.12") found components: Interpreter 
[0.449s] -- Found rclcpp: 16.0.11 (/opt/ros/humble/share/rclcpp/cmake)
[0.483s] -- Found rosidl_generator_c: 3.1.6 (/opt/ros/humble/share/rosidl_generator_c/cmake)
[0.487s] -- Found rosidl_adapter: 3.1.6 (/opt/ros/humble/share/rosidl_adapter/cmake)
[0.493s] -- Found rosidl_generator_cpp: 3.1.6 (/opt/ros/humble/share/rosidl_generator_cpp/cmake)
[0.503s] -- Using all available rosidl_typesupport_c: rosidl_typesupport_fastrtps_c;rosidl_typesupport_introspection_c
[0.516s] -- Using all available rosidl_typesupport_cpp: rosidl_typesupport_fastrtps_cpp;rosidl_typesupport_introspection_cpp
[0.550s] -- Found rmw_implementation_cmake: 6.1.2 (/opt/ros/humble/share/rmw_implementation_cmake/cmake)
[0.552s] -- Found rmw_fastrtps_cpp: 6.2.7 (/opt/ros/humble/share/rmw_fastrtps_cpp/cmake)
[0.621s] -- Found OpenSSL: /usr/lib/x86_64-linux-gnu/libcrypto.so (found version "3.0.2")  
[0.645s] -- Found FastRTPS: /opt/ros/humble/include  
[0.680s] -- Using RMW implementation 'rmw_fastrtps_cpp' as default
[0.686s] -- Looking for pthread.h
[0.747s] -- Looking for pthread.h - found
[0.748s] -- Performing Test CMAKE_HAVE_LIBC_PTHREAD
[0.811s] -- Performing Test CMAKE_HAVE_LIBC_PTHREAD - Success
[0.812s] -- Found Threads: TRUE  
[0.859s] -- Found ament_lint_auto: 0.12.11 (/opt/ros/humble/share/ament_lint_auto/cmake)
[0.923s] -- Added test 'cppcheck' to perform static code analysis on C / C++ code
[0.923s] -- Configured cppcheck include dirs: /home/hab75/Ros2-Humble-interface-for-Unitree-Go1/ros2_ws/src/udp_bridge_ros2_cpp/include;$<BUILD_INTERFACE:/home/hab75/Ros2-Humble-interface-for-Unitree-Go1/ros2_ws/src/udp_bridge_ros2_cpp/include>
[0.923s] -- Configured cppcheck exclude dirs and/or files: 
[0.924s] -- Added test 'lint_cmake' to check CMake code style
[0.925s] -- Added test 'uncrustify' to check C / C++ code style
[0.925s] -- Configured uncrustify additional arguments: 
[0.925s] -- Added test 'xmllint' to check XML markup files
[0.926s] -- Configuring done
[0.938s] -- Generating done
[0.944s] -- Build files have been written to: /home/hab75/Ros2-Humble-interface-for-Unitree-Go1/ros2_ws/build/udp_bridge_ros2_cpp
[0.952s] Invoked command in '/home/hab75/Ros2-Humble-interface-for-Unitree-Go1/ros2_ws/build/udp_bridge_ros2_cpp' returned '0': CMAKE_PREFIX_PATH=${CMAKE_PREFIX_PATH}:/opt/ros/humble /usr/bin/cmake /home/hab75/Ros2-Humble-interface-for-Unitree-Go1/ros2_ws/src/udp_bridge_ros2_cpp -DCMAKE_INSTALL_PREFIX=/home/hab75/Ros2-Humble-interface-for-Unitree-Go1/ros2_ws/install/udp_bridge_ros2_cpp
[0.954s] Invoking command in '/home/hab75/Ros2-Humble-interface-for-Unitree-Go1/ros2_ws/build/udp_bridge_ros2_cpp': CMAKE_PREFIX_PATH=${CMAKE_PREFIX_PATH}:/opt/ros/humble /usr/bin/cmake --build /home/hab75/Ros2-Humble-interface-for-Unitree-Go1/ros2_ws/build/udp_bridge_ros2_cpp -- -j12 -l12
[0.995s] [ 50%] [32mBuilding CXX object CMakeFiles/examplePublisher.dir/src/examplePublisher.cpp.o[0m
[0.995s] [ 50%] [32mBuilding CXX object CMakeFiles/udp_bridge.dir/src/udp_bridge.cpp.o[0m
[0.995s] [ 50%] [32mBuilding CXX object CMakeFiles/exampleSubscriber.dir/src/exampleSubscriber.cpp.o[0m
[1.331s] [ 66%] [32m[1mLinking CXX executable udp_bridge[0m
[1.423s] [ 66%] Built target udp_bridge
[4.485s] [ 83%] [32m[1mLinking CXX executable examplePublisher[0m
[4.639s] [ 83%] Built target examplePublisher
[7.477s] [100%] [32m[1mLinking CXX executable exampleSubscriber[0m
[7.757s] [100%] Built target exampleSubscriber
[7.766s] Invoked command in '/home/hab75/Ros2-Humble-interface-for-Unitree-Go1/ros2_ws/build/udp_bridge_ros2_cpp' returned '0': CMAKE_PREFIX_PATH=${CMAKE_PREFIX_PATH}:/opt/ros/humble /usr/bin/cmake --build /home/hab75/Ros2-Humble-interface-for-Unitree-Go1/ros2_ws/build/udp_bridge_ros2_cpp -- -j12 -l12
[7.774s] Invoking command in '/home/hab75/Ros2-Humble-interface-for-Unitree-Go1/ros2_ws/build/udp_bridge_ros2_cpp': CMAKE_PREFIX_PATH=${CMAKE_PREFIX_PATH}:/opt/ros/humble /usr/bin/cmake --install /home/hab75/Ros2-Humble-interface-for-Unitree-Go1/ros2_ws/build/udp_bridge_ros2_cpp
[7.780s] -- Install configuration: ""
[7.780s] -- Installing: /home/hab75/Ros2-Humble-interface-for-Unitree-Go1/ros2_ws/install/udp_bridge_ros2_cpp/lib/udp_bridge_ros2_cpp/udp_bridge
[7.781s] -- Set runtime path of "/home/hab75/Ros2-Humble-interface-for-Unitree-Go1/ros2_ws/install/udp_bridge_ros2_cpp/lib/udp_bridge_ros2_cpp/udp_bridge" to ""
[7.781s] -- Installing: /home/hab75/Ros2-Humble-interface-for-Unitree-Go1/ros2_ws/install/udp_bridge_ros2_cpp/lib/udp_bridge_ros2_cpp/examplePublisher
[7.782s] -- Set runtime path of "/home/hab75/Ros2-Humble-interface-for-Unitree-Go1/ros2_ws/install/udp_bridge_ros2_cpp/lib/udp_bridge_ros2_cpp/examplePublisher" to ""
[7.782s] -- Installing: /home/hab75/Ros2-Humble-interface-for-Unitree-Go1/ros2_ws/install/udp_bridge_ros2_cpp/lib/udp_bridge_ros2_cpp/exampleSubscriber
[7.785s] -- Set runtime path of "/home/hab75/Ros2-Humble-interface-for-Unitree-Go1/ros2_ws/install/udp_bridge_ros2_cpp/lib/udp_bridge_ros2_cpp/exampleSubscriber" to ""
[7.785s] -- Installing: /home/hab75/Ros2-Humble-interface-for-Unitree-Go1/ros2_ws/install/udp_bridge_ros2_cpp/share/ament_index/resource_index/package_run_dependencies/udp_bridge_ros2_cpp
[7.785s] -- Installing: /home/hab75/Ros2-Humble-interface-for-Unitree-Go1/ros2_ws/install/udp_bridge_ros2_cpp/share/ament_index/resource_index/parent_prefix_path/udp_bridge_ros2_cpp
[7.785s] -- Installing: /home/hab75/Ros2-Humble-interface-for-Unitree-Go1/ros2_ws/install/udp_bridge_ros2_cpp/share/udp_bridge_ros2_cpp/environment/ament_prefix_path.sh
[7.786s] -- Installing: /home/hab75/Ros2-Humble-interface-for-Unitree-Go1/ros2_ws/install/udp_bridge_ros2_cpp/share/udp_bridge_ros2_cpp/environment/ament_prefix_path.dsv
[7.786s] -- Installing: /home/hab75/Ros2-Humble-interface-for-Unitree-Go1/ros2_ws/install/udp_bridge_ros2_cpp/share/udp_bridge_ros2_cpp/environment/path.sh
[7.786s] -- Installing: /home/hab75/Ros2-Humble-interface-for-Unitree-Go1/ros2_ws/install/udp_bridge_ros2_cpp/share/udp_bridge_ros2_cpp/environment/path.dsv
[7.786s] -- Installing: /home/hab75/Ros2-Humble-interface-for-Unitree-Go1/ros2_ws/install/udp_bridge_ros2_cpp/share/udp_bridge_ros2_cpp/local_setup.bash
[7.786s] -- Installing: /home/hab75/Ros2-Humble-interface-for-Unitree-Go1/ros2_ws/install/udp_bridge_ros2_cpp/share/udp_bridge_ros2_cpp/local_setup.sh
[7.786s] -- Installing: /home/hab75/Ros2-Humble-interface-for-Unitree-Go1/ros2_ws/install/udp_bridge_ros2_cpp/share/udp_bridge_ros2_cpp/local_setup.zsh
[7.787s] -- Installing: /home/hab75/Ros2-Humble-interface-for-Unitree-Go1/ros2_ws/install/udp_bridge_ros2_cpp/share/udp_bridge_ros2_cpp/local_setup.dsv
[7.787s] -- Installing: /home/hab75/Ros2-Humble-interface-for-Unitree-Go1/ros2_ws/install/udp_bridge_ros2_cpp/share/udp_bridge_ros2_cpp/package.dsv
[7.787s] -- Installing: /home/hab75/Ros2-Humble-interface-for-Unitree-Go1/ros2_ws/install/udp_bridge_ros2_cpp/share/ament_index/resource_index/packages/udp_bridge_ros2_cpp
[7.787s] -- Installing: /home/hab75/Ros2-Humble-interface-for-Unitree-Go1/ros2_ws/install/udp_bridge_ros2_cpp/share/udp_bridge_ros2_cpp/cmake/udp_bridge_ros2_cppConfig.cmake
[7.788s] -- Installing: /home/hab75/Ros2-Humble-interface-for-Unitree-Go1/ros2_ws/install/udp_bridge_ros2_cpp/share/udp_bridge_ros2_cpp/cmake/udp_bridge_ros2_cppConfig-version.cmake
[7.788s] -- Installing: /home/hab75/Ros2-Humble-interface-for-Unitree-Go1/ros2_ws/install/udp_bridge_ros2_cpp/share/udp_bridge_ros2_cpp/package.xml
[7.789s] Invoked command in '/home/hab75/Ros2-Humble-interface-for-Unitree-Go1/ros2_ws/build/udp_bridge_ros2_cpp' returned '0': CMAKE_PREFIX_PATH=${CMAKE_PREFIX_PATH}:/opt/ros/humble /usr/bin/cmake --install /home/hab75/Ros2-Humble-interface-for-Unitree-Go1/ros2_ws/build/udp_bridge_ros2_cpp
